<?xml version="1.0" encoding="UTF-8"?>
<!-- Generated by org.testng.reporters.JUnitXMLReporter -->
<testsuite ignored="0" hostname="LAPTOP-MH1Q61PL" failures="1" tests="2" name="Surefire test" time="16.781" errors="0" timestamp="2023-03-15T07:03:29 IST">
  <testcase classname="io.cucumber.testng.AbstractTestNGCucumberTests" name="runScenario" time="15.218">
    <failure type="java.lang.AssertionError" message="expected [Beetroot] but found [No data]">
      <![CDATA[java.lang.AssertionError: expected [Beetroot] but found [No data]
at stepDefinition.OfferPageStepDefinition.validate_product_name_in_offer_page(OfferPageStepDefinition.java:55)
at ✽.Validate product name in offer page matches with Landing Page(file:///C:/Projects/CucumberFramework/src/test/java/features/searchProducts.feature:9)
... Removed 6 stack frames]]>
    </failure>
  </testcase> <!-- runScenario -->
  <testcase classname="io.cucumber.testng.AbstractTestNGCucumberTests" name="runScenario" time="15.246"/>
</testsuite> <!-- Surefire test -->
