<?xml version="1.0" encoding="UTF-8"?>
<testsuite xmlns:xsi="http://www.w3.org/2001/XMLSchema-instance" xsi:noNamespaceSchemaLocation="https://maven.apache.org/surefire/maven-surefire-plugin/xsd/surefire-test-report-3.0.xsd" version="3.0" name="TestSuite" time="17.572" tests="2" errors="0" skipped="0" failures="1">
  <properties>
[...]
</properties>
  <testcase name="runScenario[&quot;Search Experince for the product search in both home and offers page&quot;, &quot;Search and Place the order for products&quot;](1)" classname="cucumberOptions.TestNGTestrunner" time="15.227">
    <failure message="expected [Beetroot] but found [No data]" type="java.lang.AssertionError"><![CDATA[java.lang.AssertionError: expected [Beetroot] but found [No data]
]]></failure>
    <system-out><![CDATA[Beetroot is extracted from Home page
Tomato is extracted from Home page
No data
Tomato
]]></system-out>
    <system-err><![CDATA[1678843994859	geckodriver	INFO	Listening on 127.0.0.1:15759
1678843994861	geckodriver	INFO	Listening on 127.0.0.1:16483
1678843995115	mozrunner::runner	INFO	Running command: "C:\\Program Files\1\6M7o8z8i4l3l9a9 5F1i1r6	emofzoruxnn\er\:f:riunrneerf	ox.eIxNFeO"	 R"u-nn-imnagr ciomomnaendt:t e"C":\\ "P--rreomogtrea-dme bFugiglineg-spo\rt\"M "o2z8i75l3l" a" -F-irermeoftoex .\.\.f iorcaeflohxo.setx:e2"8 75"3-/-,mhatrtipo:n/et/t[e:": 1"]:-2-8r7e5m3o/t"e "--dneo-bruegmgotien"g -"p-oprrotfil"e "" "3C:3\2\8U9"s e"r-s\-\Hreemmaontet \.\.A.p pocDaaltah\o\Lsotca:l3\\3T2emp8\\9r/u,sth_tmotzppr:of/i/le[A1:r:p14]G":
33289/" "-no-remote" "-profile" "C:\\Users\\Hemant\\AppData\\Local\\Temp\\rust_mozprofile6hE8h7"
console.warn: services.settings: Ignoring preference override of remote settings server
console.warn: services.settings: Allow by setting MOZ_REMOTE_SETTINGS_DEVTOOLS=1 in the environment
console.warn: services.settings: Ignoring preference override of remote settings server
console.warn: services.settings: Allow by setting MOZ_REMOTE_SETTINGS_DEVTOOLS=1 in the environment
1678843995589	Marionette	I1N6FO7	8M8a4r3i9o9n5e5t8t9	eM aerionetten	IaNbFlOed	
Marionette enabled
Dynamically enable window occlusion 0
Dynamically enable window occlusion 0
1678843995600	Marionette	INFO	Listening on port 57026
1678843995605	Marionette	INFO	Listening on port 57027
RReeaadd  port: p57o0r2t7:
 57026
WebDriver BiDi listening on ws://127.0.0.1:33289
WebDriver BiDi listening on ws://127.0.0.1:28753
1678843996193	RemoteAgent	WARN	TLS certificate errors will be ignored for this session
1678843996200	RemoteAgent	WARN	TLS certificate errors will be ignored for this session
console.warn: SearchSettings: "get: No settings file exists, new profile?" (new NotFoundError("Could not open the file at C:\\Users\\Hemant\\AppData\\Local\\Temp\\rust_mozprofile6hE8h7\\search.json.mozlz4", (void 0)))
console.warn: SearchSettings: "get: No settings file exists, new profile?" (new NotFoundError("Could not open the file at C:\\Users\\Hemant\\AppData\\Local\\Temp\\rust_mozprofileA1rp4G\\search.json.mozlz4", (void 0)))
DevTools listening on ws://127.0.0.1:33289/devtools/browser/45c1d137-70f5-41d9-96b2-f5095e2ba9ce
DevTools listening on ws://127.0.0.1:28753/devtools/browser/8900b2b7-9e9d-41f5-96ea-123da1a1562b
1678844007435	RemoteAgent	INFO	Perform WebSocket upgrade for incoming connection from 127.0.0.1:57129
1678844007439	CDP	WARN	Invalid browser preferences for CDP. Set "fission.webContentIsolationStrategy"to 0 and "fission.bfcacheInParent" to false before Firefox starts.
1678844007493	Marionette	INFO	Stopped listening on port 57027
1678844007559	RemoteAgent	INFO	Perform WebSocket upgrade for incoming connection from 127.0.0.1:57132
1678844007563	CDP	WARN	Invalid browser preferences for CDP. Set "fission.webContentIsolationStrategy"to 0 and "fission.bfcacheInParent" to false before Firefox starts.
Dynamically enable window occlusion 1
1678844007574	Marionette	INFO	Stopped listening on port 57026
Dynamically enable window occlusion 1
[Parent 24940, IPC I/O Parent] WARNING: DuplicateHandle failed for handle 0 in TransferHandles: file /builds/worker/checkouts/gecko/ipc/chromium/src/chrome/common/ipc_channel_win.cc:777
WARNING: A blocker encountered an error while we were waiting.
          Blocker:  Waiting for ping task
          Phase: TelemetryController: Waiting for pending ping activity
          State: (none)
WARNING: Error: Phase "profile-before-change" is finished, it is too late to register completion condition "OS.File: flush I/O queued before profileBeforeChange"
WARNING: addBlocker@resource://gre/modules/AsyncShutdown.sys.mjs:727:15
addBlocker@resource://gre/modules/AsyncShutdown.sys.mjs:523:26
addBlocker@resource://gre/modules/AsyncShutdown.sys.mjs:458:15
setupShutdown@resource://gre/modules/osfile/osfile_async_front.jsm:1548:28
@resource://gre/modules/osfile/osfile_async_front.jsm:1568:16
@resource://gre/modules/osfile.jsm:12:30
@resource://gre/modules/TelemetryStorage.sys.mjs:10:28
_checkPendingPings@resource://gre/modules/TelemetrySend.sys.mjs:863:17
setup@resource://gre/modules/TelemetrySend.sys.mjs:803:18
setup@resource://gre/modules/TelemetrySend.sys.mjs:241:30
setupTelemetry/this._delayedInitTask<@resource://gre/modules/TelemetryControllerParent.sys.mjs:828:36
observe@resource://gre/modules/AsyncShutdown.sys.mjs:576:16

console.error: "TelemetryScheduler.shutdown - Already shut down"
WARNING: A blocker encountered an error while we were waiting.
          Blocker:  Waiting for ping task
          Phase: TelemetryController: Waiting for pending ping activity
          State: (none)
WARNING: Error: Phase "profile-before-change" is finished, it is too late to register completion condition "OS.File: flush I/O queued before profileBeforeChange"
WARNING: addBlocker@resource://gre/modules/AsyncShutdown.sys.mjs:727:15
addBlocker@resource://gre/modules/AsyncShutdown.sys.mjs:523:26
addBlocker@resource://gre/modules/AsyncShutdown.sys.mjs:458:15
setupShutdown@resource://gre/modules/osfile/osfile_async_front.jsm:1548:28
@resource://gre/modules/osfile/osfile_async_front.jsm:1568:16
@resource://gre/modules/osfile.jsm:12:30
@resource://gre/modules/TelemetryStorage.sys.mjs:10:28
_checkPendingPings@resource://gre/modules/TelemetrySend.sys.mjs:863:17
setup@resource://gre/modules/TelemetrySend.sys.mjs:803:18
setup@resource://gre/modules/TelemetrySend.sys.mjs:241:30
setupTelemetry/this._delayedInitTask<@resource://gre/modules/TelemetryControJlalvearScPraiptr eernrto.rs:y rse.somujrsce:8:2//8g:r3e/6mo
doublesse/rAvseyn@crSehustoduorwcne.s:y//s.gmrjes,/ mloindeu l7e27s:/ AErsryonr:c SPhhuatsed o"wpnr.osfyisl.em-jbesf:ore-change" i5s7 f6i:n1is6he
d,
 iWtA RisN ItNoGo :l aAt eb ltoo ckreergi setnecr ocuomnptleetiroend  coanndi etriorno r" OwSh.iFlilee:  fwleus hw eI/rOe  quweauietdi bnegf.o
r e  p ro f i l eB e f orBelCohcaknegre:" 
 WaiJtaivnaSgc rfipot re rprionr: resourgc et:a//sgkre
/m  o d u le s  / As yPnhcaSsheu:t dTowenl.esmyest.rmyjCso,n tlrionlel e7r2:7 :W aEirtroirn:g P hfaosre  "pprenodfiinlge -bpeifonrge -achcatnigvei"t iys
  f in i s h ed ,   i t Sitsa tteoo:  l(antoen eto) r
eWgAiRsNteIrN Gc:o mErplreotri:o nP choansdei t"iporn o"fOiSl.eFi-lbee:f ofrlues-hc hI/aOn gqeu"e ueids  bfeifnories hperodf,i lietB eiforse Cthaonog e"lat
eJ avtaoS crriepgti setrerro rc:o rmepsloeutriceo:n/ /cgroen/dmoidtiuolnes /"AOsyS.nFciSlheu:t dfown.sys.mljsu,s hl inIe/ O7 2q7:u eEurerodr :b ePfhoasree  "pprroofifliel-ebeBfeofroere-Cchhaannggee"" 
iWsA RfNiInNiGs:h eadd,d iBtl oicsk etro@o lratees otuor cree:g/i/sgterer/ mcoomdpulleetsi/oAsn ycnocnSdhuittdioownn ."sOySs..Fmijlse::7 2f7l:u1s5h 
Ia/dOd Bqluoecukeedr @breefosroeu rpcreo:f/ileBeforeChang/ger"e
/JmaovdauSlcersi/pAts yenrcrSohru:t droewsno.usrycse.:m/j/sg:r5e2/3m:o2d6ul
eadsd/AsBylnoccSkheurt@droewsno.usrycse.:m/j/sg,r el/imnoed u7l2e7s:/ AEsryrnocrS:h uPthdaoswen ."spryos.filem-jbse:f4o5r8e-:c15hang
es"et upiSsh uftidnoiwsnh@erde,s oiurtc ei:s/ t/goroe /lmaotdeul etso/ orsefgiilset/eors fciolmpel_eatsiyonnc _cofndroitnito.nj s"mO:S1.5Fi4l8:e:2 8fl
u@sreh sIo/uOr cqeu:e/u/egd rbee/mfoodruele sp/roofsiflielBee/foosrfeiClhea_nagsye"nc
_JfarvoanSctr.ijpstm :e1r5r6o8r::1 r6eso
u@rrcee:s/o/ugrrcee/:m/o/duglrees//mAosdyunlceSshu/todsofwin.les.yjss.mmj:s,1 2li:n30e 
7@2r7e:s oEurrrocre:: /P/hgarsee/ mo"dpurlofesi/leTe-lbeemfeotrrey-Scthoraanggee."s ysi.sm jfs:1i0n:i2sh8e
d_,c hietc kPiesn dtionog Pliatneg st@ore sreoguirsctee:r/ /cgormep/lmeotdiuolne sc/oTneldietmieotnr y"SeOnSd..sFyisl.em:j sf:l8u6s3h: 1I/7O 
qsueetuuepd@ rbeefsooruer cper:o/f/iglerBee/fmoodulesr/eTCehlaenmgeet"ry
SJaevnadScr.ispty esrr.omr:j s:r8e0s3ou:r1c8e
:s/e/tgurpe/m@ordeusloesu/rAcsey:n/cS/hguretd/omwno.dsuyls.emsj/sT, elleimnee t7r2y7:S eErnrdo.rs:y sP.hamsjes :"2p4r1of:i3l0e-
bseeftourpeT-eclheamnegter"y /ithsi sf.i_ndieslheayd,e diInti itsT atsoko< l@artees toou rrceegi:s/t/egrr ec/ommopdlueltieosn/ TceolnedmiettiroynC o"OnSt.rFoillle:e rfPlaurent.ssyhs .Im/jOs q:u8e2u8ed: 3b6ef
ooreb sperrovfeil@erBeefsooreuCrhcaeng:e/"/
gre/modules/AsyncShutdown.sys.mjs:576:16

WARNING: A blocker encountered an error while we were waiting.
          Blocker:  TelemetryController: shutting down
          Phase: profile-before-change-telemetry
          State: Error getting state: Error: Phase "profile-before-change" is finished, it is too late to register completion condition "OS.File: flush I/O queued before profileBeforeChange" at addBlocker@resource://gre/modules/AsyncShutdown.sys.mjs:727:15
addBlocker@resource://gre/modules/AsyncShutdown.sys.mjs:523:26
addBlocker@resource://gre/modules/AsyncShutdown.sys.mjs:458:15
setupShutdown@resource://gre/modules/osfile/osfile_async_front.jsm:1548:28
@resource://gre/modules/osfile/osfile_async_front.jsm:1568:16
@resource://gre/modules/osfile.jsm:12:30
@resource://gre/modules/TelemetryStorage.sys.mjs:10:28
_checkPendingPings@resource://gre/modules/TelemetrySend.sys.mjs:863:17
setup@resource://gre/modules/TelemetrySend.sys.mjs:803:18
setup@resource://gre/modules/TelemetrySend.sys.mjs:241:30
setupTelemetry/this._delayedInitTask<@resource://gre/modules/TelemetryControllerParent.sys.mjs:828:36
observe@resource://gre/modules/AsyncShutdown.sys.mjs:576:16

WARNING: Error: Phase "profile-before-change" is finished, it is too late to register completion condition "OS.File: flush I/O queued before profileBeforeChange"
WARNING: addBlocker@resource://gre/modules/AsyncShutdown.sys.mjs:727:15
addBlocker@resource://gre/modules/AsyncShutdown.sys.mjs:523:26
addBlocker@resource://gre/modules/AsyncShutdown.sys.mjs:458:15
setupShutdown@resource://gre/modules/osfile/osfile_async_front.jsm:1548:28
@resource://gre/modules/osfile/osfile_async_front.jsm:1568:16
@resource://gre/modules/osfile.jsm:12:30
@resource://gre/modules/TelemetryStorage.sys.mjs:10:28
_checkPendingPings@resource://gre/modules/TelemetrySend.sys.mjs:863:17
setup@resource://gre/modules/TelemetrySend.sys.mjs:803:18
setup@resource://gre/modules/TelemetrySend.sys.mjs:241:30
setupTelemetry/this._delayedInitTask<@resource://gre/modules/TelemetryControllerParent.sys.mjs:828:36
observe@resource://gre/modules/AsyncShutdown.sys.mjs:576:16

WARNING: A blocker encountered an error while we were waiting.
          Blocker:  Waiting for ping task
          Phase: TelemetryController: Waiting for pending ping activity
          State: (none)
WARNING: Error: Phase "profile-before-change" is finished, it is too late to register completion condition "OS.File: flush I/O queued before profileBeforeChange"
WARNING: addBlocker@resource://gre/modules/AsyncShutdown.sys.mjs:727:15
addBlocker@resource://gre/modules/AsyncShutdown.sys.mjs:523:26
addBlocker@resource://gre/modules/AsyncShutdown.sys.mjs:458:15
setupShutdown@resource://gre/modules/osfile/osfile_async_front.jsm:1548:28
@resource://gre/modules/osfile/osfile_async_front.jsm:1568:16
@resource://gre/modules/osfile.jsm:12:30
@resource://gre/modules/TelemetryStorage.sys.mjs:10:28
_checkPendingPings@resource://gre/modules/TelemetrySend.sys.mjs:863:17
setup@resource://gre/modules/TelemetrySend.sys.mjs:803:18
setup@resource://gre/modules/TelemetrySend.sys.mjs:241:30
setupTelemetry/this._delayedInitTask<@resource://gre/modules/TelemetryControllerParent.sys.mjs:828:36
observe@resource://gre/modules/AsyncShutdown.sys.mjs:576:16

console.error: "TelemetryScheduler.shutdown - Already shut down"
WARNING: A blocker encountered an error while we were waiting.
          Blocker:  Waiting for ping task
          Phase: TelemetryController: Waiting for pending ping activity
          State: (none)
WARNING: Error: Phase "profile-before-change" is finished, it is too late to register completion condition "OS.File: flush I/O queued before profileBeforeChange"
WARNING: addBlocker@resource://gre/modules/AsyncShutdown.sys.mjs:727:15
addBlocker@resource://gre/modules/AsyncShutdown.sys.mjs:523:26
addBlocker@resource://gre/modules/AsyncShutdown.sys.mjs:458:15
setupShutdown@resource://gre/modules/osfile/osfile_async_front.jsm:1548:28
@resource://gre/modules/osfile/osfile_async_front.jsm:1568:16
@resource://gre/modules/osfile.jsm:12:30
@resource://gre/modules/TelemetryStorage.sys.mjs:10:28
_checkPendingPings@resource://gre/modules/TelemetrySend.sys.mjs:863:17
setup@resource://gre/modules/TelemetrySend.sys.mjs:803:18
setup@resource://gre/modules/TelemetrySend.sys.mjs:241:30
setupTelemetry/this._delayedInitTask<@resource://gre/modules/TelemetryControllerParent.sys.mjs:828:36
observe@resource://gre/modules/AsyncShutdown.sys.mjs:576:16

WARNING: A blocker encountered an error while we were waiting.
          Blocker:  Waiting for ping task
          Phase: TelemetryController: Waiting for pending ping activity
          State: (none)
WARNING: Error: Phase "profile-before-change" is finished, it is too late to register completion condition "OS.File: flush I/O queued before profileBeforeChange"
WARNING: addBlocker@resource://gre/modules/AsyncShutdown.sys.mjs:727:15
addBlocker@resource://gre/modules/AsyncShutdown.sys.mjs:523:26
addBlocker@resource://gre/modules/AsyncShutdown.sys.mjs:458:15
setupShutdown@resource://gre/modules/osfile/osfile_async_front.jsm:1548:28
@resource://gre/modules/osfile/osfile_async_front.jsm:1568:16
@resource://gre/modules/osfile.jsm:12:30
@resource://gre/modules/TelemetryStorage.sys.mjs:10:28
_checkPendingPings@resource://gre/modules/TelemetrySend.sys.mjs:863:17
setup@resource://gre/modules/TelemetrySend.sys.mjs:803:18
setup@resource://gre/modules/TelemetrySend.sys.mjs:241:30
setupTelemetry/this._delayedInitTask<@resource://gre/modules/TelemetryControllerParent.sys.mjs:828:36
observe@resource://gre/modules/AsyncShutdown.sys.mjs:576:16

WARNING: A blocker encountered an error while we were waiting.
          Blocker:  TelemetryController: shutting down
          Phase: profile-before-change-telemetry
          State: Error getting state: Error: Phase "profile-before-change" is finished, it is too late to register completion condition "OS.File: flush I/O queued before profileBeforeChange" at addBlocker@resource://gre/modules/AsyncShutdown.sys.mjs:727:15
addBlocker@resource://gre/modules/AsyncShutdown.sys.mjs:523:26
addBlocker@resource://gre/modules/AsyncShutdown.sys.mjs:458:15
setupShutdown@resource://gre/modules/osfile/osfile_async_front.jsm:1548:28
@resource://gre/modules/osfile/osfile_async_front.jsm:1568:16
@resource://gre/modules/osfile.jsm:12:30
@resource://gre/modules/TelemetryStorage.sys.mjs:10:28
_checkPendingPings@resource://gre/modules/TelemetrySend.sys.mjs:863:17
setup@resource://gre/modules/TelemetrySend.sys.mjs:803:18
setup@resource://gre/modules/TelemetrySend.sys.mjs:241:30
setupTelemetry/this._delayedInitTask<@resource://gre/modules/TelemetryControllerParent.sys.mjs:828:36
observe@resource://gre/modules/AsyncShutdown.sys.mjs:576:16

WARNING: Error: Phase "profile-before-change" is finished, it is too late to register completion condition "OS.File: flush I/O queued before profileBeforeChange"
WARNING: addBlocker@resource://gre/modules/AsyncShutdown.sys.mjs:727:15
addBlocker@resource://gre/modules/AsyncShutdown.sys.mjs:523:26
addBlocker@resource://gre/modules/AsyncShutdown.sys.mjs:458:15
setupShutdown@resource://gre/modules/osfile/osfile_async_front.jsm:1548:28
@resource://gre/modules/osfile/osfile_async_front.jsm:1568:16
@resource://gre/modules/osfile.jsm:12:30
@resource://gre/modules/TelemetryStorage.sys.mjs:10:28
_checkPendingPings@resource://gre/modules/TelemetrySend.sys.mjs:863:17
setup@resource://gre/modules/TelemetrySend.sys.mjs:803:18
setup@resource://gre/modules/TelemetrySend.sys.mjs:241:30
setupTelemetry/this._delayedInitTask<@resource://gre/modules/TelemetryControllerParent.sys.mjs:828:36
observe@resource://gre/modules/AsyncShutdown.sys.mjs:576:16

JavaScript error: resource://gre/modules/AsyncShutdown.sys.mjs, line 727: Error: Phase "profile-before-change" is finished, it is too late to register completion condition "OS.File: flush I/O queued before profileBeforeChange"
JavaScript error: resource://gre/modules/AsyncShutdown.sys.mjs, line 727: Error: Phase "profile-before-change" is finished, it is too late to register completion condition "OS.File: flush I/O queued before profileBeforeChange"
JavaScript error: resource://gre/modules/AsyncShutdown.sys.mjs, line 727: Error: Phase "profile-before-change" is finished, it is too late to register completion condition "OS.File: flush I/O queued before profileBeforeChange"
JavaScript error: resource://gre/modules/AsyncShutdown.sys.mjs, line 727: Error: Phase "profile-before-change" is finished, it is too late to register completion condition "OS.File: flush I/O queued before profileBeforeChange"
JavaScript error: resource://gre/modules/AsyncShutdown.sys.mjs, line 727: Error: Phase "profile-before-change" is finished, it is too late to register completion condition "OS.File: flush I/O queued before profileBeforeChange"
JavaScript error: resource://gre/modules/AsyncShutdown.sys.mjs, line 727: Error: Phase "profile-before-change" is finished, it is too late to register completion condition "OS.File: flush I/O queued before profileBeforeChange"
]]></system-err>
  </testcase>
  <testcase name="runScenario[&quot;Search Experince for the product search in both home and offers page&quot;, &quot;Search and Place the order for products&quot;](2)" classname="cucumberOptions.TestNGTestrunner" time="15.244"/>
</testsuite>